<?xml version="1.0" encoding="UTF-8"?>
<!-- Generated by org.testng.reporters.JUnitReportReporter -->
<testsuite hostname="DESKTOP-0FOOI6C" failures="0" tests="3" name="test.day4" time="0.029" errors="0" timestamp="2021-03-23T18:14:13 IST" skipped="0">
  <testcase classname="test.day4" name="LoginAPIloginhomeloan" time="0.025"/>
  <system-out/>
  <testcase classname="test.day4" name="mobileloginhomeloan" time="0.002"/>
  <system-out/>
  <testcase classname="test.day4" name="webloginHomeloan" time="0.002"/>
  <system-out/>
</testsuite> <!-- test.day4 -->
