<?xml version="1.0" encoding="UTF-8"?>
<!-- Generated by org.testng.reporters.JUnitReportReporter -->
<testsuite hostname="DESKTOP-0FOOI6C" failures="0" tests="2" name="test.day1" time="0.007" errors="0" timestamp="2021-03-23T18:14:13 IST" skipped="0">
  <testcase classname="test.day1" name="Demo" time="0.004"/>
  <system-out/>
  <testcase classname="test.day1" name="Demo2" time="0.003"/>
  <system-out/>
</testsuite> <!-- test.day1 -->
