<?xml version="1.0" encoding="UTF-8"?>
<!-- Generated by org.testng.reporters.JUnitReportReporter -->
<testsuite hostname="DESKTOP-0FOOI6C" failures="0" tests="7" name="test.day3" time="0.035" errors="0" timestamp="2021-03-23T18:14:13 IST" skipped="1">
  <testcase classname="test.day3" name="mobilelogincarloan" time="0.005"/>
  <system-out/>
  <testcase classname="test.day3" name="mobilesignincarloan" time="0.003"/>
  <system-out/>
  <testcase classname="test.day3" name="weblogincarloan" time="0.004"/>
  <system-out/>
  <testcase classname="test.day3" name="mobilelogincarloan" time="0.002"/>
  <system-out/>
  <testcase classname="test.day3" name="APIlogincarloan" time="0.003"/>
  <system-out/>
  <testcase classname="test.day3" name="mobilelogincarloan" time="0.018"/>
  <system-out/>
  <testcase classname="test.day3" name="mobilesignoutcarloan">
    <skipped/>
  </testcase> <!-- mobilesignoutcarloan -->
  <system-out/>
</testsuite> <!-- test.day3 -->
