<?xml version="1.0" encoding="UTF-8"?>
<!-- Generated by org.testng.reporters.JUnitReportReporter -->
<testsuite hostname="DESKTOP-0FOOI6C" failures="0" tests="1" name="test.day2" time="0.017" errors="0" timestamp="2021-03-22T15:58:47 IST" skipped="0">
  <testcase classname="test.day2" name="ploan" time="0.017"/>
  <system-out/>
</testsuite> <!-- test.day2 -->
